<?xml version="1.0"?>
<testsuites tests="6" failures="0">
  <testsuite id="0" name="should be able to register new user successfully" tests="4" failures="0">
    <testcase name="is status 200" classname="should be able to register new user successfully" />
    <testcase name="response body" classname="should be able to register new user successfully" />
    <testcase name="expected status to equal 200" classname="should be able to register new user successfully" />
    <testcase name="expected user registration api response to equal &#39;User Registered&#39;" classname="should be able to register new user successfully" />
  </testsuite>
  <testsuite id="1" name="Thresholds" tests="2" failures="0">
    <testcase name="http_req_failed: rate&lt;0.01" classname="Thresholds" />
    <testcase name="http_req_duration: p(95)&lt;122" classname="Thresholds" />
  </testsuite>
</testsuites>