<?xml version="1.0"?>
<testsuites tests="16" failures="11">
  <testsuite id="0" name="should be able to login successfully" tests="14" failures="9">
    <testcase name="test start time : 2024-12-24T00:07:39Z" classname="should be able to login successfully" />
    <testcase name="request url : http://localhost:5500/client_login" classname="should be able to login successfully" />
    <testcase name="response status : 200" classname="should be able to login successfully" >
      <failure message="698593 / 304529 (69.64%) checks passed">698593 / 304529 (69.64%) checks passed</failure>
    </testcase>
    <testcase name="response: isJson" classname="should be able to login successfully" />
    <testcase name="Mock N/A" classname="should be able to login successfully" />
    <testcase name="response error : none" classname="should be able to login successfully" />
    <testcase name="expected response status to equal 200" classname="should be able to login successfully" >
      <failure message="698593 / 304529 (69.64%) checks passed">698593 / 304529 (69.64%) checks passed</failure>
    </testcase>
    <testcase name="has valid json body" classname="should be able to login successfully" >
      <failure message="698593 / 698593 (50.00%) checks passed">698593 / 698593 (50.00%) checks passed</failure>
    </testcase>
    <testcase name="response error : 
		status--&gt;0
		error--&gt;dial: unknown errno 49 error with msg `can&#39;t assign requested address`" classname="should be able to login successfully" >
      <failure message="0 / 22137 (0.00%) checks passed">0 / 22137 (0.00%) checks passed</failure>
    </testcase>
    <testcase name="response error : 
		status--&gt;0
		error--&gt;dial: connection reset by peer" classname="should be able to login successfully" >
      <failure message="0 / 224585 (0.00%) checks passed">0 / 224585 (0.00%) checks passed</failure>
    </testcase>
    <testcase name="response error : 
		status--&gt;0
		error--&gt;read: connection reset by peer" classname="should be able to login successfully" >
      <failure message="0 / 26266 (0.00%) checks passed">0 / 26266 (0.00%) checks passed</failure>
    </testcase>
    <testcase name="response error : 
		status--&gt;0
		error--&gt;write: broken pipe" classname="should be able to login successfully" >
      <failure message="0 / 1896 (0.00%) checks passed">0 / 1896 (0.00%) checks passed</failure>
    </testcase>
    <testcase name="response error : 
		status--&gt;0
		error--&gt;write: connection reset by peer" classname="should be able to login successfully" >
      <failure message="0 / 96 (0.00%) checks passed">0 / 96 (0.00%) checks passed</failure>
    </testcase>
    <testcase name="response error : 
		status--&gt;0
		error--&gt;dial: i/o timeout" classname="should be able to login successfully" >
      <failure message="0 / 29549 (0.00%) checks passed">0 / 29549 (0.00%) checks passed</failure>
    </testcase>
  </testsuite>
  <testsuite id="1" name="Thresholds" tests="2" failures="2">
    <testcase name="http_req_duration: p(95)&lt;122" classname="Thresholds" >
      <failure message="threshold exceeded">threshold exceeded</failure>
    </testcase>
    <testcase name="http_req_failed: rate&lt;0.01" classname="Thresholds" >
      <failure message="threshold exceeded">threshold exceeded</failure>
    </testcase>
  </testsuite>
</testsuites>